2025-11-18 13:24:43,267 INFO: 医院监控系统启动 [in /workspace/backend/app/__init__.py:117]
2025-11-18 13:25:09,724 INFO: 医院监控系统启动 [in /workspace/backend/app/__init__.py:117]
2025-11-18 13:26:40,989 INFO: 医院监控系统启动 [in /workspace/backend/app/__init__.py:117]
2025-11-18 13:27:05,128 INFO: 医院监控系统启动 [in /workspace/backend/app/__init__.py:124]
2025-11-18 13:27:16,189 INFO: 医院监控系统启动 [in /workspace/backend/app/__init__.py:126]
2025-11-18 13:27:32,412 INFO: 医院监控系统启动 [in /workspace/backend/app/__init__.py:126]
2025-11-18 16:17:47,272 INFO: 医院监控系统启动 [in /workspace/backend/app/__init__.py:130]
2025-11-18 16:18:08,868 INFO: 医院监控系统启动 [in /workspace/backend/app/__init__.py:130]
2025-11-18 16:18:09,019 INFO: 任务调度器启动成功 [in /workspace/backend/app/services/task_scheduler.py:72]
2025-11-18 16:18:09,023 INFO: 添加重复任务成功: tender_monitor [in /workspace/backend/app/services/task_scheduler.py:175]
2025-11-18 16:18:09,023 INFO: 添加重复任务成功: hospital_scan [in /workspace/backend/app/services/task_scheduler.py:175]
2025-11-18 16:18:09,027 INFO: 添加重复任务成功: daily_report [in /workspace/backend/app/services/task_scheduler.py:175]
2025-11-18 16:18:09,032 INFO: 添加重复任务成功: weekly_report [in /workspace/backend/app/services/task_scheduler.py:175]
2025-11-18 16:18:09,034 INFO: 默认定时任务添加完成 [in /workspace/backend/app/services/task_scheduler.py:136]
2025-11-18 16:18:09,045 INFO: 任务调度器已关闭 [in /workspace/backend/app/services/task_scheduler.py:89]
2025-11-18 16:18:25,613 INFO: 医院监控系统启动 [in /workspace/backend/app/__init__.py:130]
2025-11-18 16:18:25,723 INFO: 任务调度器启动成功 [in /workspace/backend/app/services/task_scheduler.py:72]
2025-11-18 16:18:25,724 INFO: 添加重复任务成功: tender_monitor [in /workspace/backend/app/services/task_scheduler.py:175]
2025-11-18 16:18:25,726 INFO: 添加重复任务成功: hospital_scan [in /workspace/backend/app/services/task_scheduler.py:175]
2025-11-18 16:18:25,729 INFO: 添加重复任务成功: daily_report [in /workspace/backend/app/services/task_scheduler.py:175]
2025-11-18 16:18:25,731 INFO: 添加重复任务成功: weekly_report [in /workspace/backend/app/services/task_scheduler.py:175]
2025-11-18 16:18:25,734 INFO: 默认定时任务添加完成 [in /workspace/backend/app/services/task_scheduler.py:136]
2025-11-18 16:18:26,145 INFO: 医院监控系统启动 [in /workspace/backend/app/__init__.py:130]
2025-11-18 16:18:26,251 INFO: 任务调度器启动成功 [in /workspace/backend/app/services/task_scheduler.py:72]
2025-11-18 16:18:26,252 INFO: 添加重复任务成功: tender_monitor [in /workspace/backend/app/services/task_scheduler.py:175]
2025-11-18 16:18:26,254 INFO: 添加重复任务成功: hospital_scan [in /workspace/backend/app/services/task_scheduler.py:175]
2025-11-18 16:18:26,257 INFO: 添加重复任务成功: daily_report [in /workspace/backend/app/services/task_scheduler.py:175]
2025-11-18 16:18:26,259 INFO: 添加重复任务成功: weekly_report [in /workspace/backend/app/services/task_scheduler.py:175]
2025-11-18 16:18:26,261 INFO: 默认定时任务添加完成 [in /workspace/backend/app/services/task_scheduler.py:136]
